<?xml version="1.1" encoding="UTF-8"?>
<testsuite name="com.soteradefense.dga.io.formats.SimpleTsvEdgeOutputFormatTest" tests="1" failures="0" errors="0" timestamp="1970-01-01T00:00:00" hostname="C02JH0TFDKQ5.local" time="1.397765069402E9">
  <properties/>
  <testcase name="test1" classname="com.soteradefense.dga.io.formats.SimpleTsvEdgeOutputFormatTest" time="0.838"/>
  <system-out><![CDATA[]]></system-out>
  <system-err><![CDATA[log4j:WARN No appenders could be found for logger (org.apache.hadoop.metrics2.lib.MutableMetricsFactory).
log4j:WARN Please initialize the log4j system properly.
log4j:WARN See http://logging.apache.org/log4j/1.2/faq.html#noconfig for more info.
]]></system-err>
</testsuite>
